-------------------------------------------------------------------------------
Test set: UsuariosTest
-------------------------------------------------------------------------------
Tests run: 12, Failures: 12, Errors: 0, Skipped: 0, Time elapsed: 11.783 s <<< FAILURE! - in UsuariosTest
testUsuarios[1][1]  Time elapsed: 1.914 s  <<< FAILURE!
org.opentest4j.AssertionFailedError: 
match failed: CONTAINS
  $ | actual does not contain expected (STRING:STRING)
  'N?o ? poss?vel realizar PUT em /usuarios. Acesse https://serverest.dev para ver as rotas dispon?veis e como utiliz?-las.'
  'No es posible realizar PUT en /usuarios'

classpath:features/usuarios-put.feature:15

testUsuarios[1][2]  Time elapsed: 1.969 s  <<< FAILURE!
org.opentest4j.AssertionFailedError: 
status code was: 400, expected: 201, response time in milliseconds: 1394, url: https://serverest.dev/usuarios/id-invalido-123, response: 
{
    "message": "Este email j? est? sendo usado"
}
classpath:features/usuarios-put.feature:21

testUsuarios[2][1]  Time elapsed: 0.617 s  <<< FAILURE!
org.opentest4j.AssertionFailedError: 
status code was: 400, expected: 201, response time in milliseconds: 604, url: https://serverest.dev/usuarios, response: 
{
    "email": "email deve ser um email v?lido"
}
classpath:features/usuarios-post.feature:12

testUsuarios[2][2]  Time elapsed: 0.725 s  <<< FAILURE!
org.opentest4j.AssertionFailedError: 
status code was: 400, expected: 201, response time in milliseconds: 601, url: https://serverest.dev/usuarios, response: 
{
    "email": "email deve ser um email v?lido"
}
classpath:features/usuarios-post.feature:22

testUsuarios[3][1]  Time elapsed: 0.925 s  <<< FAILURE!
org.opentest4j.AssertionFailedError: 
syntax error, expected '==' for match
classpath:features/usuarios-get.feature:11

testUsuarios[3][2]  Time elapsed: 0.691 s  <<< FAILURE!
org.opentest4j.AssertionFailedError: 
match failed: CONTAINS
  $ | actual path does not exist (STRING:STRING)
  '#notpresent'
  'limit'

classpath:features/usuarios-get.feature:19

testUsuarios[4][1]  Time elapsed: 0.973 s  <<< FAILURE!
org.opentest4j.AssertionFailedError: 
status code was: 200, expected: 400, response time in milliseconds: 888, url: https://serverest.dev/usuarios, response: 
{
    "quantidade": 482,
    "usuarios": [
        {
            "nome": "User_1774476885687_0.08523784232309939",
            "email": "user_1774476885687_0.014467399129857283@test.com",
            "password": "Test@123456",
            "administrador": "true",
            "_id": "0LNCQH6OFHdOcjvZ"
        },
        {
            "nome": "Terrell Cormier",
            "email": "Johann_Swaniawski73@yahoo.com",
            "password": "uhweL_Ihv8qk94c",
            "administrador": "false",
            "_id": "0UT5GwmrC27wUGYU"
        },
        {
            "nome": "User_1774477629739_0.9006957958758246",
            "email": "user_1774477629739_0.500562185546618@test.com",
            "password": "Test@123456",
            "administrador": "true",
            "_id": "0c9U594fNQuR8zcF"
        },
        {
            "nome": "User_1774480006425_0.2757994483646026",
            "email": "user_1774480006425_0.2927490849115616@test.com",
            "password": "Test@123456",
            "administrador": "true",
            "_id": "0uiup4PPzXv3QkIs"
        },
        {
            "nome": "Fulano da Silva",
            "email": "fulano@qa.com",
            "password": "teste",
            "administrador": "true",
            "_id": "0uxuPY0cbmQhpEz1"
        },
        {
            "nome": "User_1774479710697_0.07245726050427848",
            "email": "user_1774479710697_0.1778170550443895@test.com",
            "password": "Test@123456",
            "administrador": "true",
            "_id": "0z2TuTTqlXExCCb6"
        },
        {
            "nome": "User_1774489282329_0.4029362563673915",
            "email": "user_1774489282329_0.3011213785830307@test.com",
            "password": "Test@123456",
            "administrador": "true",
            "_id": "12DeYdqrdWaghk0G"
        },
        {
            "nome": "User_1774477622054_0.2031500049012438",
            "email": "user_1774477622054_0.9521796387563842@test.com",
            "password": "Test@123456",
            "administrador": "true",
            "_id": "16IaZ50kjxLNhd2t"
        },
        {
            "nome": "User_1774476753673_0.23348705143480353",
            "email": "user_1774476753673_0.12222464001005462@test.com",
            "password": "Test@123456",
            "administrador": "true",
            "_id": "1Kvca4vJqlBV47o3"
        },
        {
            "nome": "Teteu da Silva",
            "email": "test0.3812686809529313@qa.com",
            "password": "teste",
            "administrador": "true",
            "_id": "1VWfhs3VU04K3n8J"
        },
        {
            "nome": "Teteu da Silva",
            "email": "test0.5110440540875001@qa.com",
            "password": "teste",
            "administrador": "true",
            "_id": "1fsJXOGWRlt3x0hz"
        },
        {
            "nome": " meuteste@teste.com",
            "email": "meuteste@teste.com",
            "password": "0000",
            "administrador": "true",
            "_id": "1rYZBpq6kKqmegPt"
        },
        {
            "nome": "Dra. Yuri Veloso",
            "email": "daviludmer.banheira@live.com",
            "password": "@6eXc0AHeIE",
            "administrador": "true",
            "_id": "24O1nwTTSR8upfyM"
        },
        {
            "nome": "SoaintUser5328",
            "email": "SoaintUser1774471996836@test.com",
            "password": "Soaint1234",
            "administrador": "true",
            "_id": "2EXqHo7U8DuFmNee"
        },
        {
            "nome": "Usuario Teste Cypress",
            "email": "cypress_1774478601450@teste.com",
            "password": "123456",
            "administrador": "true",
            "_id": "2ExzWn0tpFChCcNZ"
        },
        {
            "nome": "Catarina Godins",
            "email": "luiz.duarte@gmail.com",
            "password": "fef1zwj6115gw9hal",
            "administrador": "false",
            "_id": "2LCgmqjHBAIgjkLE"
        },
        {
            "nome": "User_1774477622575_0.49178406323747703",
            "email": "user_1774477622575_0.2533979187599912@test.com",
            "password": "Test@123456",
            "administrador": "true",
            "_id": "2QzAAoayqU6cNG5s"
        },
        {
            "nome": "User_1774476881687_0.0678228485891702",
            "email": "user_1774476881687_0.615799509109003@test.com",
            "password": "Test@123456",
            "administrador": "false",
            "_id": "2V8FSFNRHWSBfeO3"
        },
        {
            "nome": "Krystal Durgan-Bergstrom",
            "email": "Santina.Corwin24@gmail.com",
            "password": "5hbBVKNI9Xb75GG",
            "administrador": "false",
            "_id": "2XdkFJprxqaPusqz"
        },
        {
            "nome": "Gabriel Santos",
            "email": "gabrielrsantos.qa@gmail.com",
            "password": "Teste123!",
            "administrador": "false",
            "_id": "2qMFYMr654uEITIo"
        },
        {
            "nome": "User_1774479436053_0.7523668125358578",
            "email": "user_1774479436053_0.5936551820033261@test.com",
            "password": "Test@123456",
            "administrador": "true",
            "_id": "2qb8f0GsWpSvDmHJ"
        },
        {
            "nome": "Usu?rio Original",
            "email": "duplicado.1774492947271@teste.com",
            "password": "senha123",
            "administrador": "true",
            "_id": "2ysyZuagF4oOZirF"
        },
        {
            "nome": "User_1774478516303_0.9697967404487445",
            "email": "user_1774478516303_0.6312538106575126@test.com",
            "password": "Test@123456",
            "administrador": "true",
            "_id": "374OmSGOZ8ePfu5h"
        },
        {
            "nome": "User_1774489115128_0.20935535269681815",
            "email": "user_1774489115128_0.7669336812902501@test.com",
            "password": "Test@123456",
            "administrador": "true",
            "_id": "3FirahZ5xLHV1uZO"
        },
        {
            "nome": "User_1774478197685_0.2734225518070408",
            "email": "user_1774478197685_0.35269966151637266@test.com",
            "password": "Test@123456",
            "administrador": "true",
            "_id": "3HiG0ULXkhsfzvrg"
        },
        {
            "nome": "User_1774478194249_0.1373676634298937",
            "email": "user_1774478194249_0.7101229099046464@test.com",
            "password": "Test@123456",
            "administrador": "true",
            "_id": "3RGU6oQ1pqbRP84k"
        },
        {
            "nome": "Matheus",
            "email": "test1774491968218@qa.com",
            "password": "teste1",
            "administrador": "true",
            "_id": "3bZDpAv2B6v6LMaD"
        },
        {
            "nome": "User_1774478509536_0.9390701956083239",
            "email": "user_1774478509536_0.06860419696242948@test.com",
            "password": "Test@123456",
            "administrador": "true",
            "_id": "3bjNlEg9eYKpSHBb"
        },
        {
            "nome": "Candidato QA Mouts",
            "email": "qa_mouts_1774493477775@teste.com",
            "password": "senha123",
            "administrador": "true",
            "_id": "3kfs3NcaSWmaIb0I"
        },
        {
            "nome": "Teste De Automatiza??o Usu?rio 3",
            "email": "Teste3@teste.com.br",
            "password": "teste",
            "administrador": "true",
            "_id": "3lP9nwOjcHFGmAdJ"
        },
        {
            "nome": "User_1774489114210_0.010701796999669888",
            "email": "user_1774489114210_0.9468726746379339@test.com",
            "password": "Test@123456",
            "administrador": "true",
            "_id": "3rNpratECHKdYIJ4"
        },
        {
            "nome": "Gabriel Souza QA",
            "email": "gabrielQA@teste.com",
            "password": "QA123",
            "administrador": "true",
            "_id": "3rs4g2zdBrUO4Gc5"
        },
        {
            "nome": "Teteu da Silva",
            "email": "test0.825751436095411@qa.com",
            "password": "teste",
            "administrador": "true",
            "_id": "3wONbs0WtTMDcdRh"
        },
        {
            "nome": "Betsy Ziemann I",
            "email": "Brendan39@gmail.com",
            "password": "xoEnMSXh_Szq9eK",
            "administrador": "false",
            "_id": "3x3R2DjJxVHTpdj0"
        },
        {
            "nome": "Davi Moura",
            "email": "mercia.teixeira@hotmail.com",
            "password": "@%8LP#ZUfh",
            "administrador": "true",
            "_id": "42nJxCrlHYlkXKkI"
        },
        {
            "nome": "Santiago Donnelly V",
            "email": "Carlo.Friesen23@hotmail.com",
            "password": "gGYxqpV8zLHN_Qq",
            "administrador": "false",
            "_id": "49PFQaNk9xlCCnmk"
        },
        {
            "nome": "User_1774479436913_0.6635155671953743",
            "email": "user_1774479436913_0.5531807782693973@test.com",
            "password": "Test@123456",
            "administrador": "true",
            "_id": "4HXtws1IH0tuJy0m"
        },
        {
            "nome": "User_1774479713396_0.0692831348204691",
            "email": "user_1774479713396_0.539844477424244@test.com",
            "password": "Test@123456",
            "administrador": "true",
            "_id": "4VRglDmkpK2G5oNA"
        },
        {
            "nome": "User_1774477244693_0.3771743543213829",
            "email": "user_1774477244693_0.638619434601553@test.com",
            "password": "Test@123456",
            "administrador": "true",
            "_id": "4Y7cg0SgafxLlGzv"
        },
        {
            "nome": "CLIENTE QA KUROMI 8332",
            "email": "clienteKuromi_8332@qa.com.br",
            "password": "teste",
            "administrador": "false",
            "_id": "4gIpSJh0Wrb4a2If"
        },
        {
            "nome": "Sofia QA ADMIN 7719",
            "email": "sofiaADMIN_7719@qa.com.br",
            "password": "teste",
            "administrador": "true",
            "_id": "4kg9FTIZQDmbjk34"
        },
        {
            "nome": "User_1774480003711_0.6694220697495099",
            "email": "user_1774480003711_0.615005726047149@test.com",
            "password": "Test@123456",
            "administrador": "true",
            "_id": "51ODlzw65ZlsGaBa"
        },
        {
            "nome": "Maria Cec?lia Bomdia",
            "email": "allana.fontinhas@gmail.com",
            "password": "9n^XWZo!LXQ",
            "administrador": "true",
            "_id": "537zjPtOkBrJO9rC"
        },
        {
            "nome": "Bernard Larson",
            "email": "Leatha_Stanton@hotmail.com",
            "password": "TDsdbXxy3W_LT1W",
            "administrador": "false",
            "_id": "5AOXywbkGJlClRkG"
        },
        {
            "nome": "User_1774479714632_0.6862932447620284",
            "email": "user_1774479714632_0.9400833518260747@test.com",
            "password": "Test@123456",
            "administrador": "true",
            "_id": "5Ek4bpX3bd7FOLGA"
        },
        {
            "nome": "Teteu da Silva",
            "email": "test0.9297218544707047@qa.com",
            "password": "teste",
            "administrador": "true",
            "_id": "5OcmSbI9Cs6x3WA0"
        },
        {
            "nome": "Admin con id inexistente",
            "email": "nuevoUsuarioQA_509552@qa.com.br",
            "password": "teste",
            "administrador": "true",
            "_id": "5RuWVZ1THqB9TbTP"
        },
        {
            "nome": "Ashly44",
            "email": "Lamar.Parisian@hotmail.com",
            "password": "237195162",
            "administrador": "true",
            "_id": "5U52AJOSAt77wAVX"
        },
        {
            "nome": "User_1774480000455_0.6134020258228",
            "email": "user_1774480000455_0.026908310030364313@test.com",
            "password": "Test@123456",
            "administrador": "true",
            "_id": "5iPgDjWXC91ieBwh"
        },
        {
            "nome": "User_1774477627158_0.8472948624330748",
            "email": "user_1774477627158_0.9274378930817495@test.com",
            "password": "Test@123456",
            "administrador": "true",
            "_id": "5j9O48EBtMyO4m2G"
        },
        {
            "nome": "User_1774476750821_0.7126680246088151",
            "email": "user_1774476750821_0.8616320773379874@test.com",
            "password": "Test@123456",
            "administrador": "true",
            "_id": "62uuHdoq5BohSITT"
        },
        {
            "nome": "Shirley Roob",
            "email": "Briana_Balistreri@yahoo.com",
            "password": "yhLShMPfGGMLba9",
            "administrador": "false",
            "_id": "66rb1HRT4cYtyWU4"
        },
        {
            "nome": "User_1774476535195_0.7591473025309211",
            "email": "user_1774476535195_0.5602482973761934@test.com",
            "password": "Test@123456",
            "administrador": "true",
            "_id": "6ETKMxFoiU2vqUTH"
        },
        {
            "nome": "User_1774479435071_0.8058034053970842",
            "email": "user_1774479435071_0.13588702278527942@test.com",
            "password": "Test@123456",
            "administrador": "true",
            "_id": "6RhEWFXnRdp5a5B5"
        },
        {
            "nome": "Rebeca da Aldeia Filho",
            "email": "eduardo.campos@live.com",
            "password": "2$o65JSGR",
            "administrador": "true",
            "_id": "6az9GFuMuYTvn2FN"
        },
        {
            "nome": "Sofia QA ADMIN 9305",
            "email": "sofiaADMIN_9305@qa.com.br",
            "password": "teste",
            "administrador": "true",
            "_id": "6l6LRlbsHHFRUVfL"
        },
        {
            "nome": "UsuarioTest_b5739b",
            "email": "test_57f93cbf@serverest.com",
            "password": "diwqi9jT",
            "administrador": "true",
            "_id": "6qEN507zD73wiTh6"
        },
        {
            "nome": "User_1774478516426_0.14913146574061842",
            "email": "user_1774478516426_0.6572550374638093@test.com",
            "password": "Test@123456",
            "administrador": "true",
            "_id": "6vwhTayXHpMlgizf"
        },
        {
            "nome": "Teteu da Silva",
            "email": "test0.4615673932565163@qa.com",
            "password": "teste",
            "administrador": "true",
            "_id": "7167UquEgHoWuwmp"
        },
        {
            "nome": "Teteu da Silva",
            "email": "test0.06688592280237549@qa.com",
            "password": "teste",
            "administrador": "true",
            "_id": "73fkLJldPQbapVp0"
        },
        {
            "nome": "SoaintUser78642",
            "email": "SoaintUser1774472554868@test.com",
            "password": "Soaint1234",
            "administrador": "true",
            "_id": "76HiY7N028DE3KwU"
        },
        {
            "nome": "User_1774489288717_0.0730572247174337",
            "email": "user_1774489288717_0.857715808259035@test.com",
            "password": "Test@123456",
            "administrador": "true",
            "_id": "7B3wtxD0Yr7yFym9"
        },
        {
            "nome": "Sofia QA ADMIN 8536",
            "email": "sofiaADMIN_8536@qa.com.br",
            "password": "teste",
            "administrador": "true",
            "_id": "7LO6bM5UEMpomU9G"
        },
        {
            "nome": "Srta. Ben?cio Bittencourt",
            "email": "louise.doprado@live.com",
            "password": "kU$w0j4640PBLdW",
            "administrador": "true",
            "_id": "7YB2jOYkBFuO4Ere"
        },
        {
            "nome": "Joel Leiva",
            "email": "jleivao1@qa.com.br",
            "password": "jleiva",
            "administrador": "true",
            "_id": "7b9sAU30vpJLLzs2"
        },
        {
            "nome": "User_1774478520213_0.6202960192092035",
            "email": "user_1774478520213_0.001094727427360942@test.com",
            "password": "Test@123456",
            "administrador": "true",
            "_id": "7iZhnzdUHYHdfnUZ"
        },
        {
            "nome": "Gabriel",
            "email": "gabriel_1774474134330@teste.com",
            "password": "teste1234",
            "administrador": "false",
            "_id": "7j4dlLkNakcnxHrF"
        },
        {
            "nome": "Sofia QA ADMIN 1100",
            "email": "sofiaADMIN_1100@qa.com.br",
            "password": "teste",
            "administrador": "true",
            "_id": "7rPbfoPforar1BTG"
        },
        {
            "nome": "Sirineu Bernardes",
            "email": "perola.boucas@bol.com.br",
            "password": "f5Hm6*$&",
            "administrador": "true",
            "_id": "7uFX75erbNWzhKSq"
        },
        {
            "nome": "User_1774479429601_0.8257611217799891",
            "email": "user_1774479429601_0.2684896251520551@test.com",
            "password": "Test@123456",
            "administrador": "true",
            "_id": "89XKgbN4mDrfvJxZ"
        },
        {
            "nome": "User_1774476883834_0.6584458685301444",
            "email": "user_1774476883834_0.11603043331298957@test.com",
            "password": "Test@123456",
            "administrador": "true",
            "_id": "8CBYl4U3kaawyKYQ"
        },
        {
            "nome": "User_1774489104940_0.5074815267776196",
            "email": "user_1774489104940_0.6964590782945674@test.com",
            "password": "Test@123456",
            "administrador": "false",
            "_id": "8j9ai8S5XtfVJYRg"
        },
        {
            "nome": "User_1774478196423_0.2995157583092509",
            "email": "user_1774478196423_0.9473902052475194@test.com",
            "password": "Test@123456",
            "administrador": "true",
            "_id": "8vBhyUxAEcYLV8gU"
        },
        {
            "nome": "User_1774480554087_0.6668926043689973",
            "email": "user_1774480554087_0.4800214957117609@test.com",
            "password": "Test@123456",
            "administrador": "true",
            "_id": "92wa7o2HQSz8iEQg"
        },
        {
            "nome": "Matheus",
            "email": "test1774490727295@qa.com",
            "password": "teste1",
            "administrador": "true",
            "_id": "9BC3qshGOyJg5bXM"
        },
        {
            "nome": "User_1774476881186_0.4049287178740002",
            "email": "user_1774476881186_0.23724007770506184@test.com",
            "password": "Test@123456",
            "administrador": "true",
            "_id": "9DJR8oPhaYo5vw8I"
        },
        {
            "nome": "Joel Lei",
            "email": "jleivao10@qa.com.br",
            "password": "jleiva",
            "administrador": "true",
            "_id": "9IoKoX5oYgrMknoW"
        },
        {
            "nome": "User_1774479999311_0.6807498305906478",
            "email": "user_1774479999311_0.06340387884300736@test.com",
            "password": "Test@123456",
            "administrador": "true",
            "_id": "9RYA2spT7GUFmvZw"
        },
        {
            "nome": "User_1774489284072_0.8246095725781493",
            "email": "user_1774489284072_0.6631555479509903@test.com",
            "password": "Test@123456",
            "administrador": "true",
            "_id": "9SgsrCPIIpu64y72"
        },
        {
            "nome": "User_1774478194261_0.6688660405401423",
            "email": "user_1774478194261_0.22517959294725065@test.com",
            "password": "Test@123456",
            "administrador": "true",
            "_id": "9VZTG6r5EXPGDFTj"
        },
        {
            "nome": "Sofia QA ADMIN 5226",
            "email": "sofiaADMIN_5226@qa.com.br",
            "password": "teste",
            "administrador": "true",
            "_id": "9elz1dAinnoySL52"
        },
        {
            "nome": "User_1774480005234_0.48451776528395174",
            "email": "user_1774480005234_0.43500523052087126@test.com",
            "password": "Test@123456",
            "administrador": "true",
            "_id": "9yy5WjzQjBFoCHww"
        },
        {
            "nome": "Sofia QA ADMIN 1288",
            "email": "sofiaADMIN_1288@qa.com.br",
            "password": "teste",
            "administrador": "true",
            "_id": "ADEFqqHNLz7DZOml"
        },
        {
            "nome": "User_1774480647253_0.8632693674135424",
            "email": "user_1774480647253_0.3225220318625913@test.com",
            "password": "Test@123456",
            "administrador": "true",
            "_id": "AGp4nTwtbIntIfgC"
        },
        {
            "nome": "User_1774476528827_0.4193000076096174",
            "email": "user_1774476528827_0.8215707657034463@test.com",
            "password": "Test@123456",
            "administrador": "true",
            "_id": "AKC4PhSWv34s6a8G"
        },
        {
            "nome": "User_1774477621391_0.3510008994327619",
            "email": "user_1774477621391_0.9650850387267484@test.com",
            "password": "Test@123456",
            "administrador": "true",
            "_id": "AUCOgSYlPt9dXdxJ"
        },
        {
            "nome": "Usuario Test 27c3f",
            "email": "test_99853203@test.com",
            "password": "nuevoPassword456",
            "administrador": "true",
            "_id": "AVRdu4vmMWxKCU0u"
        },
        {
            "nome": "User_1774489287481_0.5134010717552426",
            "email": "user_1774489287481_0.47871210918557305@test.com",
            "password": "Test@123456",
            "administrador": "true",
            "_id": "AfnFFks33E3Lww01"
        },
        {
            "nome": "Sofia QA ADMIN 691",
            "email": "sofiaADMIN_691@qa.com.br",
            "password": "teste",
            "administrador": "true",
            "_id": "Ag9n0nRhaZzS9BHX"
        },
        {
            "nome": "User_1774479433407_0.47946201261674426",
            "email": "user_1774479433407_0.5356320249478641@test.com",
            "password": "Test@123456",
            "administrador": "true",
            "_id": "AqOT6A0PfvpUx6vZ"
        },
        {
            "nome": "Updated Name QA",
            "email": "qa_test_8df2fdda@challenge.com",
            "password": "newpassword123",
            "administrador": "false",
            "_id": "AxVf8jjfaYgdtNTn"
        },
        {
            "nome": "User_1774477239543_0.9557473104058456",
            "email": "user_1774477239543_0.855228191461141@test.com",
            "password": "Test@123456",
            "administrador": "false",
            "_id": "B2NGBG3mNj6yJ9sr"
        },
        {
            "nome": "UsuarioTest_c97ec9",
            "email": "test_c77591cd@serverest.com",
            "password": "9Xzqotaz",
            "administrador": "true",
            "_id": "BB2vD0M1YAi2Gt1Y"
        },
        {
            "nome": "CLIENTE QA KUROMI 1527",
            "email": "clienteKuromi_1527@qa.com.br",
            "password": "teste",
            "administrador": "false",
            "_id": "BNiXKCwXrpn1uOUu"
        },
        {
            "nome": "SoaintUser68628",
            "email": "SoaintUser1774486371305@test.com",
            "password": "Soaint1234",
            "administrador": "true",
            "_id": "BUZpO12FDrSuKH0J"
        },
        {
            "nome": "SoaintUser14597",
            "email": "SoaintUser1774485746639@test.com",
            "password": "Soaint1234",
            "administrador": "true",
            "_id": "Bfp8URxwowDv1wRy"
        },
        {
            "nome": "Pedro",
            "email": "pedro_1774472541232@teste.com",
            "password": "teste1234",
            "administrador": "false",
            "_id": "BmXZ87VeBAn20tJd"
        },
        {
            "nome": "Usu?rio Original",
            "email": "duplicado.1774493278917@teste.com",
            "password": "senha123",
            "administrador": "true",
            "_id": "BrLkWqbnLepw6dJt"
        },
        {
            "nome": "User_1774476822425_0.9185365711624932",
            "email": "user_1774476822425_0.7317126881971415@test.com",
            "password": "Test@123456",
            "administrador": "true",
            "_id": "C1MOheSraMtEQxIg"
        },
        {
            "nome": "Usuario Test 1774481147546",
            "email": "usuario1774481147546@qatest.com",
            "password": "teste@123",
            "administrador": "true",
            "_id": "C99HYaQ0AB2boFUp"
        },
        {
            "nome": "Sofia QA ADMIN 9091",
            "email": "sofiaADMIN_9091@qa.com.br",
            "password": "teste",
            "administrador": "true",
            "_id": "CANudC9VlEoIXvbr"
        },
        {
            "nome": "User_1774479433415_0.9485619407359525",
            "email": "user_1774479433415_0.192244223311973@test.com",
            "password": "Test@123456",
            "administrador": "true",
            "_id": "CZiC0NLzCvAkc19M"
        },
        {
            "nome": "User_1774479716381_0.30984289877964377",
            "email": "user_1774479716381_0.23018758867291778@test.com",
            "password": "Test@123456",
            "administrador": "true",
            "_id": "CaF4EcuNCkXujgNy"
        },
        {
            "nome": "Dr. Tracy Batz",
            "email": "Lauriane_Cole75@gmail.com",
            "password": "AjHDIFyo9YiAQrv",
            "administrador": "false",
            "_id": "CdLFY9dfp6AZzUTn"
        },
        {
            "nome": "Matheus",
            "email": "test1774491974547@qa.com",
            "password": "teste1",
            "administrador": "true",
            "_id": "CrpoLvlCccyL7Shi"
        },
        {
            "nome": "Teteu da Silva",
            "email": "test0.08697624467078602@qa.com",
            "password": "teste",
            "administrador": "true",
            "_id": "DB3uNQ3qC6CLg5IX"
        },
        {
            "nome": "User_1774479440491_0.23750878710302248",
            "email": "user_1774479440491_0.9941075356997687@test.com",
            "password": "Test@123456",
            "administrador": "true",
            "_id": "DJjJ2jzCJe67Gh19"
        },
        {
            "nome": "User_1774489026294_0.8241725742812496",
            "email": "user_1774489026294_0.7184446503673565@test.com",
            "password": "Test@123456",
            "administrador": "true",
            "_id": "DKCeqOC6x6bSaS63"
        },
        {
            "nome": "User_1774489111048_0.684036781720955",
            "email": "user_1774489111048_0.22326148053342898@test.com",
            "password": "Test@123456",
            "administrador": "true",
            "_id": "DMU8a6BViGYiLzCI"
        },
        {
            "nome": "User_1774477632392_0.33910136385030665",
            "email": "user_1774477632392_0.19420629345044949@test.com",
            "password": "Test@123456",
            "administrador": "true",
            "_id": "DOU9GHnyoYpEe0LJ"
        },
        {
            "nome": "User_1774480569223_0.30069641968151806",
            "email": "user_1774480569223_0.38594515985972466@test.com",
            "password": "Test@123456",
            "administrador": "true",
            "_id": "DQYQ6huxlZjCUUTE"
        },
        {
            "nome": "Matheus QA",
            "email": "qa.1774492938033@teste.com",
            "password": "teste123",
            "administrador": "true",
            "_id": "DYz0bFeC2rJqA9tv"
        },
        {
            "nome": "Tomas Quigley",
            "email": "Sherman_Green55@hotmail.com",
            "password": "opRBnbcYMbsMpIl",
            "administrador": "false",
            "_id": "Dc4zfxQRIgY2wlz6"
        },
        {
            "nome": "Sofia QA ADMIN 6203",
            "email": "sofiaADMIN_6203@qa.com.br",
            "password": "teste",
            "administrador": "true",
            "_id": "DgCGK3ldonAYLu0v"
        },
        {
            "nome": "Teteu da Silva",
            "email": "test0.007532703406217367@qa.com",
            "password": "teste",
            "administrador": "true",
            "_id": "Dkp1CmTT3ZKrYMTb"
        },
        {
            "nome": "User_1774480582799_0.9921069683181565",
            "email": "user_1774480582799_0.17334581618002154@test.com",
            "password": "Test@123456",
            "administrador": "true",
            "_id": "E5iNbRJHtc8SBjeg"
        },
        {
            "administrador": "true",
            "email": "reiload@gmail.com",
            "nome": "full_name",
            "password": "password",
            "_id": "EYJ2iHHvqFIY58TL"
        },
        {
            "nome": "User_1774476828134_0.6518593083576282",
            "email": "user_1774476828134_0.4705846505018637@test.com",
            "password": "Test@123456",
            "administrador": "true",
            "_id": "F3mZxZ1FeoYJ6tPm"
        },
        {
            "nome": "Automation User a51b0",
            "email": "qa_test_a51b0e2a@challenge.com",
            "password": "123",
            "administrador": "true",
            "_id": "F8LXSkZg6DPi9Vg2"
        },
        {
            "nome": "User_1774477238162_0.7055720173044602",
            "email": "user_1774477238162_0.0831456298558294@test.com",
            "password": "Test@123456",
            "administrador": "true",
            "_id": "FFPx7SVk19PBHFBy"
        },
        {
            "nome": "Usu?rio Original",
            "email": "duplicado.1774492965252@teste.com",
            "password": "senha123",
            "administrador": "true",
            "_id": "FM6qwZt67WSUZQ7y"
        },
        {
            "nome": "User_1774480003404_0.8514807840702888",
            "email": "user_1774480003404_0.6800346310333165@test.com",
            "password": "Test@123456",
            "administrador": "true",
            "_id": "FOFk0jr6K0xmmrqF"
        },
        {
            "nome": "Automation User c8de5",
            "email": "qa_test_c8de5e0b@challenge.com",
            "password": "testpassword123",
            "administrador": "true",
            "_id": "FQwZ1J7vnSL2w5Ud"
        },
        {
            "nome": "Sofia QA ADMIN 2734",
            "email": "sofiaADMIN_2734@qa.com.br",
            "password": "teste",
            "administrador": "true",
            "_id": "FRv8ejIAhEfDbk7c"
        },
        {
            "nome": "Dr. Conrad McKenzie IV",
            "email": "Shany69@hotmail.com",
            "password": "rJ8pUHFQlfYL1YQ",
            "administrador": "false",
            "_id": "FUpI6f4mkHH5VdSw"
        },
        {
            "nome": "User_1774476532598_0.4227860826889539",
            "email": "user_1774476532598_0.10111117405372183@test.com",
            "password": "Test@123456",
            "administrador": "true",
            "_id": "FVC8LaEvZLpAGyiQ"
        },
        {
            "nome": "User_1774477243075_0.2673810297637138",
            "email": "user_1774477243075_0.9436181532678316@test.com",
            "password": "Test@123456",
            "administrador": "true",
            "_id": "FVprnrB5MQK8tsEN"
        },
        {
            "nome": "SoaintUser94581",
            "email": "SoaintUser1774480960857@test.com",
            "password": "Soaint1234",
            "administrador": "true",
            "_id": "FeVY5bToLETAPCGn"
        },
        {
            "nome": "User_1774478189870_0.20451876701193195",
            "email": "user_1774478189870_0.2252398515209757@test.com",
            "password": "Test@123456",
            "administrador": "true",
            "_id": "FfOKlQhIZzVCprso"
        },
        {
            "nome": "User_1774477246174_0.8819110085403638",
            "email": "user_1774477246174_0.777550321839711@test.com",
            "password": "Test@123456",
            "administrador": "true",
            "_id": "Fm5bhWmuNrJinJ8L"
        },
        {
            "nome": "User_1774478189561_0.023693375493946345",
            "email": "user_1774478189561_0.6203576086583894@test.com",
            "password": "Test@123456",
            "administrador": "true",
            "_id": "G3F1BipleK267n8P"
        },
        {
            "nome": "Sofia QA ADMIN 6618",
            "email": "sofiaADMIN_6618@qa.com.br",
            "password": "teste",
            "administrador": "true",
            "_id": "GK4R9hU70ZcD6CIw"
        },
        {
            "nome": "User_1774489103388_0.5361477514732671",
            "email": "user_1774489103388_0.7217406979172221@test.com",
            "password": "Test@123456",
            "administrador": "true",
            "_id": "GOvFnQezvSXureFl"
        },
        {
            "nome": "SoaintUser27543",
            "email": "SoaintUser1774485271651@test.com",
            "password": "Soaint1234",
            "administrador": "true",
            "_id": "GYnX7d3lj8ItJ8kD"
        },
        {
            "nome": "User_1774489025575_0.8330146082362111",
            "email": "user_1774489025575_0.6060465831003963@test.com",
            "password": "Test@123456",
            "administrador": "true",
            "_id": "GYvlAI1Kyhcpf64c"
        },
        {
            "nome": "Srta. Maria Helena da Veiga",
            "email": "paulo.fontes@live.com",
            "password": "AR^&Zp#%TNQ7Z",
            "administrador": "true",
            "_id": "GdPJpYG4e3dRFi1B"
        },
        {
            "nome": "Joel 434",
            "email": "jleivao3@qa.com.br",
            "password": "jleiva",
            "administrador": "true",
            "_id": "Gk9Wd0T2W5Nq1Xq0"
        },
        {
            "nome": "Catarina Pinto",
            "email": "ricardo.bittencourt@hotmail.com",
            "password": "K%S#57K@4",
            "administrador": "true",
            "_id": "GoMqr9vG3YROvAwj"
        },
        {
            "nome": "User_1774489107157_0.16928969942998418",
            "email": "user_1774489107157_0.489158464935584@test.com",
            "password": "Test@123456",
            "administrador": "true",
            "_id": "GvJWNBeaJPbh8tUj"
        },
        {
            "nome": "Sofia QA ADMIN 27",
            "email": "sofiaADMIN_27@qa.com.br",
            "password": "teste",
            "administrador": "true",
            "_id": "GxTQ5mzxStU8jiHL"
        },
        {
            "nome": "Matheus",
            "email": "test1774491970592@qa.com",
            "password": "teste1",
            "administrador": "true",
            "_id": "H9KNvjSuqrQr27UG"
        },
        {
            "nome": "Sofia QA ADMIN 8541",
            "email": "sofiaADMIN_8541@qa.com.br",
            "password": "teste",
            "administrador": "true",
            "_id": "HBvdUGsJYL0oupmD"
        },
        {
            "nome": "Automation User ba3b2",
            "email": "qa_test_ba3b2c2a@challenge.com",
            "password": "123",
            "administrador": "true",
            "_id": "HF0GSz3LEFloocMv"
        },
        {
            "nome": "Tommy Sipes",
            "email": "Shaina.Ernser54@gmail.com",
            "password": "iiJlDkbM7ewzlto",
            "administrador": "false",
            "_id": "HF6SuV2x7oBJwEXH"
        },
        {
            "nome": "UsuarioTest_94dbee",
            "email": "test_d4e4d8a3@serverest.com",
            "password": "ewctbyZN",
            "administrador": "false",
            "_id": "HNH5FEKfGNcX4A2r"
        },
        {
            "nome": "Agatha da Fontoura",
            "email": "tertuliano.dafronteira@live.com",
            "password": "uimzmyjtq0",
            "administrador": "false",
            "_id": "HP0HCSZ0o6fClH0s"
        },
        {
            "nome": "User_1774489105817_0.1339700335194891",
            "email": "user_1774489105817_0.050038296165887175@test.com",
            "password": "Test@123456",
            "administrador": "true",
            "_id": "HVDz8pvwb8c96Z3g"
        },
        {
            "administrador": "true",
            "email": "sophie.kassulke@yahoo.com",
            "nome": "Buffy Kreiger",
            "password": "password",
            "_id": "HZWi9bojxLhwW68M"
        },
        {
            "nome": "Usuario Test f14eb",
            "email": "test_37d13fe3@test.com",
            "password": "teste123",
            "administrador": "true",
            "_id": "HbdATexT3L80faVx"
        },
        {
            "nome": "User_1774476755112_0.23269363485554462",
            "email": "user_1774476755112_0.322688088769052@test.com",
            "password": "Test@123456",
            "administrador": "true",
            "_id": "Hdl2vDTQYiIyDv2f"
        },
        {
            "nome": "Sofia QA ADMIN 1475",
            "email": "sofiaADMIN_1475@qa.com.br",
            "password": "teste",
            "administrador": "true",
            "_id": "Hegu1AfD1SZdA2VU"
        },
        {
            "nome": "Admin Cypress",
            "email": "admin_1774472254093@teste.com",
            "password": "teste1234",
            "administrador": "true",
            "_id": "HgUAbw0YS9CXn3My"
        },
        {
            "nome": "Matheus QA",
            "email": "qa.1774493278733@teste.com",
            "password": "teste123",
            "administrador": "true",
            "_id": "Hgjn4hDJpg3zCooA"
        },
        {
            "nome": "User_1774478515072_0.28977502665249233",
            "email": "user_1774478515072_0.11648062511890866@test.com",
            "password": "Test@123456",
            "administrador": "true",
            "_id": "HhD7hHaf3cXaDvbH"
        },
        {
            "nome": "User_1774476823421_0.35670669850855297",
            "email": "user_1774476823421_0.2826769628128455@test.com",
            "password": "Test@123456",
            "administrador": "true",
            "_id": "Hw0jPsPs4eVNaMJ3"
        },
        {
            "nome": "User_1774476880879_0.9422647638014899",
            "email": "user_1774476880879_0.17328446202558678@test.com",
            "password": "Test@123456",
            "administrador": "true",
            "_id": "Hz4jobjfPGmASQiN"
        },
        {
            "nome": "Sofia QA ADMIN 6702",
            "email": "sofiaADMIN_6702@qa.com.br",
            "password": "teste",
            "administrador": "true",
            "_id": "I5kHBjrFZE33vAvJ"
        },
        {
            "nome": "Sofia QA ADMIN 9239",
            "email": "sofiaADMIN_9239@qa.com.br",
            "password": "teste",
            "administrador": "true",
            "_id": "I6PVQ2aeRGxMyxjP"
        },
        {
            "nome": "User_1774479429624_0.7408780535432371",
            "email": "user_1774479429624_0.47298153078861704@test.com",
            "password": "Test@123456",
            "administrador": "true",
            "_id": "I7v8rAqPkYHYAJ5N"
        },
        {
            "nome": "UsuarioTest_bddc92",
            "email": "test_839e1c30@serverest.com",
            "password": "pRzRm4yV",
            "administrador": "true",
            "_id": "IGKJ6iV6QrQYzOTk"
        },
        {
            "nome": "Georgia Hilll",
            "email": "Jacinthe_Keeling@hotmail.com",
            "password": "0LVavCywhgyd82G",
            "administrador": "false",
            "_id": "IIovgwqi3mGmpp3J"
        },
        {
            "nome": "Gillian_Bergstrom",
            "email": "Ewell_Treutel@gmail.com",
            "password": "849152979",
            "administrador": "true",
            "_id": "IQ4YLjKNCLSujAbx"
        },
        {
            "nome": "User_1774476531148_0.7468450008381599",
            "email": "user_1774476531148_0.6802702742328527@test.com",
            "password": "Test@123456",
            "administrador": "true",
            "_id": "IZl1hbSqI2GJk92e"
        },
        {
            "nome": "Usuario Test 1774481141446",
            "email": "usuario1774481141446@qatest.com",
            "password": "teste@123",
            "administrador": "true",
            "_id": "IhNB2BPkBvWlqUew"
        },
        {
            "nome": "User_1774479999002_0.7609401409166217",
            "email": "user_1774479999002_0.8367984880685355@test.com",
            "password": "Test@123456",
            "administrador": "true",
            "_id": "J42xBw1CGM5HMoSg"
        },
        {
            "nome": "Joel Leiva",
            "email": "jleivao@qa.com.br",
            "password": "jleiva",
            "administrador": "true",
            "_id": "J8SP3Go3kPQi7ZOD"
        },
        {
            "nome": "User_1774478510600_0.6195859149885191",
            "email": "user_1774478510600_0.16290782471442766@test.com",
            "password": "Test@123456",
            "administrador": "true",
            "_id": "JCRcsfLjEUJ2081R"
        },
        {
            "nome": "Joel Leiva",
            "email": "jleivao2@qa.com.br",
            "password": "jleiva",
            "administrador": "false",
            "_id": "JRJRFQyM6fX8DKxA"
        },
        {
            "nome": "Usuario Actualizado",
            "email": "usuario1774482244482@qatest.com",
            "password": "nuevaclave@123",
            "administrador": "false",
            "_id": "JW6RIcr2Gy5lWnI0"
        },
        {
            "nome": "User_1774478200702_0.07464322642264742",
            "email": "user_1774478200702_0.7488624092816442@test.com",
            "password": "Test@123456",
            "administrador": "true",
            "_id": "JjeMfNGfyns3qpSm"
        },
        {
            "nome": "Usuario Teste Cypress",
            "email": "cypress_1774479176954@teste.com",
            "password": "123456",
            "administrador": "true",
            "_id": "JmQyFLdRQ1QYJUJf"
        },
        {
            "nome": "User_1774477622797_0.06889989124801044",
            "email": "user_1774477622797_0.426146042157713@test.com",
            "password": "Test@123456",
            "administrador": "false",
            "_id": "Jq4MrQUqUN4aZqtZ"
        },
        {
            "nome": "User_1774489293832_0.09166357084980237",
            "email": "user_1774489293832_0.6140907446392139@test.com",
            "password": "Test@123456",
            "administrador": "true",
            "_id": "JxXWX2ZTAPAVEQaY"
        },
        {
            "nome": "Elena MacGyver",
            "email": "Aliya58@yahoo.com",
            "password": "33gdXdfSzXz1M4M",
            "administrador": "false",
            "_id": "KJZRQXIhhE53CDib"
        },
        {
            "nome": "Usuario Test d5eab",
            "email": "test_79a7a1f7@test.com",
            "password": "teste123",
            "administrador": "true",
            "_id": "KRFR39FVm77NhVlq"
        },
        {
            "nome": "Joel Lei",
            "email": "jleivao11@qa.com.br",
            "password": "jleiva",
            "administrador": "true",
            "_id": "KTFVcv71RTroJ4YO"
        },
        {
            "nome": "User_1774478195687_0.17756780978161124",
            "email": "user_1774478195687_0.035850848602103746@test.com",
            "password": "Test@123456",
            "administrador": "true",
            "_id": "KaysfJVPpjGBx6WF"
        },
        {
            "nome": "User_1774478521227_0.19962914920810815",
            "email": "user_1774478521227_0.41183487800890506@test.com",
            "password": "Test@123456",
            "administrador": "true",
            "_id": "KsHginFDiQhdqzAn"
        },
        {
            "nome": "User_1774480007025_0.8922673420332331",
            "email": "user_1774480007025_0.5291241442739129@test.com",
            "password": "Test@123456",
            "administrador": "true",
            "_id": "Kt6nQks0rmGu7aQ8"
        },
        {
            "nome": "Comprador QA",
            "email": "comprador_1774494266706@qa.com",
            "password": "teste",
            "administrador": "false",
            "_id": "KtzOTnaZXv9bA4bw"
        },
        {
            "nome": "User_1774477624425_0.3351140822304839",
            "email": "user_1774477624425_0.9894100647448923@test.com",
            "password": "Test@123456",
            "administrador": "true",
            "_id": "KurR7ZEmtTGzz5uu"
        },
        {
            "nome": "User_1774479712361_0.8591202860129282",
            "email": "user_1774479712361_0.7300394075034867@test.com",
            "password": "Test@123456",
            "administrador": "false",
            "_id": "KxQGX1mY1fsM5h9W"
        },
        {
            "nome": "User_1774479432194_0.983570287231524",
            "email": "user_1774479432194_0.2504117929551567@test.com",
            "password": "Test@123456",
            "administrador": "true",
            "_id": "LSTx1J21XxyterQv"
        },
        {
            "nome": "User_1774479431888_0.2598105591272366",
            "email": "user_1774479431888_0.0784112953229591@test.com",
            "password": "Test@123456",
            "administrador": "true",
            "_id": "LWXRJDLOPhHS5pyT"
        },
        {
            "nome": "User_1774480560815_0.48194686923825325",
            "email": "user_1774480560815_0.7449503998617863@test.com",
            "password": "Test@123456",
            "administrador": "true",
            "_id": "LY5yG6AQBVm2ewxc"
        },
        {
            "nome": "User_1774476887327_0.5722113683802774",
            "email": "user_1774476887327_0.25475732190150635@test.com",
            "password": "Test@123456",
            "administrador": "true",
            "_id": "Lih0YNgYCwCCriWq"
        },
        {
            "nome": "SoaintUser87200",
            "email": "SoaintUser1774472878678@test.com",
            "password": "Soaint1234",
            "administrador": "true",
            "_id": "Lkv24Sl8sD89kPXg"
        },
        {
            "nome": "User_1774479718222_0.7016172858234878",
            "email": "user_1774479718222_0.9702153323189138@test.com",
            "password": "Test@123456",
            "administrador": "true",
            "_id": "LnUEEiBxdOlMJf47"
        },
        {
            "nome": "User_1774480615253_0.17021440189168835",
            "email": "user_1774480615253_0.6484101953636763@test.com",
            "password": "Test@123456",
            "administrador": "true",
            "_id": "LrgE8SsDetL35872"
        },
        {
            "nome": "Evan Nolan I",
            "email": "Trever.Mayer94@gmail.com",
            "password": "Yiq4ZhTRBEHkSt4",
            "administrador": "false",
            "_id": "M1Z9hy3Dzmbw2QaW"
        },
        {
            "nome": "User_1774478513178_0.5104597861503757",
            "email": "user_1774478513178_0.9890172978044649@test.com",
            "password": "Test@123456",
            "administrador": "true",
            "_id": "M6x4ChToGEGXSWUs"
        },
        {
            "nome": "User_1774479710663_0.2917283299458595",
            "email": "user_1774479710663_0.4204586371748952@test.com",
            "password": "Test@123456",
            "administrador": "true",
            "_id": "MD3SSTlEMhzZN89w"
        },
        {
            "nome": "User_1774476883829_0.38014172892912856",
            "email": "user_1774476883829_0.013811329480268864@test.com",
            "password": "Test@123456",
            "administrador": "true",
            "_id": "MNXdBxJ1OkaW8yGU"
        },
        {
            "administrador": "true",
            "email": "colby.walter@hotmail.com",
            "nome": "Maxwell Conn",
            "password": "password",
            "_id": "MPnLSfBfa5NAEuSi"
        },
        {
            "nome": "Debra Bernier",
            "email": "Crystal_Durgan@yahoo.com",
            "password": "h8w3mIsgvAlZeV4",
            "administrador": "false",
            "_id": "MQJWBibG6Xj4ZA43"
        },
        {
            "nome": "User_1774476756135_0.9830067351910076",
            "email": "user_1774476756135_0.23016241274722415@test.com",
            "password": "Test@123456",
            "administrador": "true",
            "_id": "MfIddCpyUwVUQBFN"
        },
        {
            "nome": "Candidato QA Mouts",
            "email": "qa_mouts_1774492667778@teste.com",
            "password": "senha123",
            "administrador": "true",
            "_id": "Mw5p7okoEa8t6TaV"
        },
        {
            "nome": "Maria Alice Figueira",
            "email": "pietro.longuinho@yahoo.com",
            "password": "zpodawshqm",
            "administrador": "false",
            "_id": "N3oVzyRaL7bG8Gyi"
        },
        {
            "nome": "David Anderson Jr.",
            "email": "Nikko.Murphy84@gmail.com",
            "password": "C_PfW52k2BD_STX",
            "administrador": "false",
            "_id": "NBE0IAS1lNDVTX5D"
        },
        {
            "nome": "Matheus",
            "email": "test1774492248798@qa.com",
            "password": "teste1",
            "administrador": "true",
            "_id": "NL6Zo6OSeTElUypa"
        },
        {
            "nome": "User_1774489024973_0.6786647746074472",
            "email": "user_1774489024973_0.473748923117173@test.com",
            "password": "Test@123456",
            "administrador": "true",
            "_id": "NSaKWJLrBU0PomnR"
        },
        {
            "nome": "User_1774476824124_0.5388793474982343",
            "email": "user_1774476824124_0.7553220991736801@test.com",
            "password": "Test@123456",
            "administrador": "false",
            "_id": "NXYVC0Rjwm8YU2kD"
        },
        {
            "nome": "Teteu da Silva",
            "email": "test0.6174166278703377@qa.com",
            "password": "teste",
            "administrador": "true",
            "_id": "NvlqRDrrTXRXTw4j"
        },
        {
            "nome": "User_1774477238196_0.9776209370827709",
            "email": "user_1774477238196_0.6522080260207443@test.com",
            "password": "Test@123456",
            "administrador": "true",
            "_id": "OHTL0pofp7E9JwxP"
        },
        {
            "nome": "Sofia QA ADMIN 1849",
            "email": "sofiaADMIN_1849@qa.com.br",
            "password": "teste",
            "administrador": "true",
            "_id": "OOG91YqNOLzfGapJ"
        },
        {
            "nome": "Sofia QA ADMIN 3460",
            "email": "sofiaADMIN_3460@qa.com.br",
            "password": "teste",
            "administrador": "true",
            "_id": "Og2KAjL9B9OyBYCw"
        },
        {
            "nome": "Candidato QA Mouts",
            "email": "qa_mouts_1774492615384@teste.com",
            "password": "senha123",
            "administrador": "true",
            "_id": "Op89MD29wavegQZt"
        },
        {
            "nome": "User_1774476888442_0.9058208791653523",
            "email": "user_1774476888442_0.791146851016086@test.com",
            "password": "Test@123456",
            "administrador": "true",
            "_id": "OsrSF9GiDPtdkzgD"
        },
        {
            "nome": "Comprador QA",
            "email": "comprador_1774494591339@qa.com",
            "password": "teste",
            "administrador": "false",
            "_id": "OztkPGArxOBTpoBw"
        },
        {
            "nome": "User_1774480000931_0.5788923786773863",
            "email": "user_1774480000932_0.6080652481674774@test.com",
            "password": "Test@123456",
            "administrador": "true",
            "_id": "P1ojdkaSSnYmy0KW"
        },
        {
            "nome": "User_1774489027590_0.8954740365623088",
            "email": "user_1774489027590_0.6750310294389947@test.com",
            "password": "Test@123456",
            "administrador": "true",
            "_id": "PLWJvR2Wd05DyLHP"
        },
        {
            "nome": "Comprador QA",
            "email": "comprador_1774494570610@qa.com",
            "password": "teste",
            "administrador": "false",
            "_id": "PUdbBpOWYMUZcr96"
        },
        {
            "nome": "User_1774476882288_0.1870803703339864",
            "email": "user_1774476882288_0.14627766630789596@test.com",
            "password": "Test@123456",
            "administrador": "true",
            "_id": "PeU9gptFkTeGqxLV"
        },
        {
            "nome": "User_1774489281519_0.10491495092294723",
            "email": "user_1774489281519_0.571590777962407@test.com",
            "password": "Test@123456",
            "administrador": "true",
            "_id": "PoVwos1uexz1Mbjh"
        },
        {
            "nome": "Candidato QA Mouts",
            "email": "qa_mouts_1774492561400@teste.com",
            "password": "senha123",
            "administrador": "true",
            "_id": "Puhzp4IgU8ufCxzZ"
        },
        {
            "nome": "User_1774476748800_0.6012195579017374",
            "email": "user_1774476748800_0.888813062340779@test.com",
            "password": "Test@123456",
            "administrador": "true",
            "_id": "PuphoQx8GefaggGh"
        },
        {
            "nome": "UsuarioTest_c75cf8",
            "email": "test_055396df@serverest.com",
            "password": "WK5PCkN9",
            "administrador": "true",
            "_id": "PzzPf9fk0VNMUWHp"
        },
        {
            "nome": "User_1774477241316_0.5315116639966145",
            "email": "user_1774477241316_0.20094016440107487@test.com",
            "password": "Test@123456",
            "administrador": "true",
            "_id": "Q1CZEmmRRyRZZrEG"
        },
        {
            "nome": "Teste De Automatiza??o Usu?rio 2",
            "email": "Teste2@teste.com.br",
            "password": "teste",
            "administrador": "true",
            "_id": "Q2DeKOZxfeYNHCxE"
        },
        {
            "nome": "Usu?rio Original",
            "email": "duplicado.1774492938027@teste.com",
            "password": "senha123",
            "administrador": "true",
            "_id": "Q9ZOwhh5wlCv5ei8"
        },
        {
            "nome": "User_1774478517325_0.07206110543307953",
            "email": "user_1774478517325_0.8087268149723807@test.com",
            "password": "Test@123456",
            "administrador": "true",
            "_id": "QIP6hgwFjh54lbR0"
        },
        {
            "nome": "C?sar Crespo",
            "email": "mariahelena.garcez@hotmail.com",
            "password": "3js%Dlj9",
            "administrador": "true",
            "_id": "QSHpBsUzha9jSIr9"
        },
        {
            "nome": "User_1774480009640_0.564141055867731",
            "email": "user_1774480009640_0.6625092320611372@test.com",
            "password": "Test@123456",
            "administrador": "true",
            "_id": "Qf8AVFbWE2CmZfgM"
        },
        {
            "nome": "User_1774489291059_0.515712029152696",
            "email": "user_1774489291059_0.06491745814314309@test.com",
            "password": "Test@123456",
            "administrador": "true",
            "_id": "QpIwTtBDfAP9jfFg"
        },
        {
            "nome": "User_1774478509527_0.56806341962883",
            "email": "user_1774478509527_0.03611607698194963@test.com",
            "password": "Test@123456",
            "administrador": "true",
            "_id": "Qrud3Xxe36V4OKeR"
        },
        {
            "nome": "User_1774477238834_0.5157009740147194",
            "email": "user_1774477238834_0.06879354169526597@test.com",
            "password": "Test@123456",
            "administrador": "true",
            "_id": "Qtiu9d6KZPzaQ9y2"
        },
        {
            "nome": "Denise Rippin",
            "email": "Micah.Von@yahoo.com",
            "password": "f7qvs1_D3v7MbUi",
            "administrador": "false",
            "_id": "QvERKIwSMDIZl8fL"
        },
        {
            "nome": "Angela McClure",
            "email": "Verdie_Ernser@hotmail.com",
            "password": "RWCiSopEWBiVopy",
            "administrador": "false",
            "_id": "R90PsBEchTZtUzoK"
        },
        {
            "nome": "User_1774477248647_0.8773442371526285",
            "email": "user_1774477248647_0.2973088157298953@test.com",
            "password": "Test@123456",
            "administrador": "true",
            "_id": "RE5OAwX2xEz85oP6"
        },
        {
            "nome": "Sofia QA ADMIN 3690",
            "email": "sofiaADMIN_3690@qa.com.br",
            "password": "teste",
            "administrador": "true",
            "_id": "RQ3FkxV9jKlC5yl9"
        },
        {
            "nome": "User_1774477631151_0.18682409042530523",
            "email": "user_1774477631151_0.06639082725424683@test.com",
            "password": "Test@123456",
            "administrador": "true",
            "_id": "RgSrzS40FQwcbozW"
        },
        {
            "nome": "User_1774477623466_0.19526417053778367",
            "email": "user_1774477623466_0.506747898603568@test.com",
            "password": "Test@123456",
            "administrador": "true",
            "_id": "RiGIVXCJrgJ6uC22"
        },
        {
            "nome": "Sofia QA ADMIN 5477",
            "email": "sofiaADMIN_5477@qa.com.br",
            "password": "teste",
            "administrador": "true",
            "_id": "Rkync9foo0B8s3Yh"
        },
        {
            "nome": "Usuario QA",
            "email": "usuario.qa@mail.com",
            "password": "123456",
            "administrador": "true",
            "_id": "Ro0uOiNYIb4Qd0g5"
        },
        {
            "nome": "User_1774476890650_0.45769416761011694",
            "email": "user_1774476890650_0.871687196110319@test.com",
            "password": "Test@123456",
            "administrador": "true",
            "_id": "RvGmACvsbpDTdjKH"
        },
        {
            "nome": "Sofia QA ADMIN 1029",
            "email": "sofiaADMIN_1029@qa.com.br",
            "password": "teste",
            "administrador": "true",
            "_id": "S2kiFPolUmtPpuaQ"
        },
        {
            "nome": "User_1774480005759_0.6144389585689339",
            "email": "user_1774480005759_0.46207941063872315@test.com",
            "password": "Test@123456",
            "administrador": "true",
            "_id": "SJSYeoCZTetClGlO"
        },
        {
            "nome": "Teste De Automatiza??o Usu?rio",
            "email": "Teste@teste.com.br",
            "password": "teste",
            "administrador": "true",
            "_id": "SKo3fGbDNVCiuqJN"
        },
        {
            "nome": "Matheus QA",
            "email": "qa.1774493273267@teste.com",
            "password": "teste123",
            "administrador": "true",
            "_id": "SSwMasEKyxynCm9P"
        },
        {
            "nome": "Sofia QA ADMIN 6195",
            "email": "sofiaADMIN_6195@qa.com.br",
            "password": "teste",
            "administrador": "true",
            "_id": "SrElsCaIgoB42nfx"
        },
        {
            "nome": "User_1774478190154_0.39566492921769325",
            "email": "user_1774478190154_0.342594703749902@test.com",
            "password": "Test@123456",
            "administrador": "true",
            "_id": "Suwkgf6ZzfnMdLB3"
        },
        {
            "nome": "Lee Crooks",
            "email": "Edgar5@gmail.com",
            "password": "hLk9x2HkLI22gyj",
            "administrador": "false",
            "_id": "T3SQWLHV7GbocT2A"
        },
        {
            "nome": "User_1774479711652_0.7477320220225266",
            "email": "user_1774479711652_0.7208377430321026@test.com",
            "password": "Test@123456",
            "administrador": "true",
            "_id": "T89gnB9mFq3DZ6mo"
        },
        {
            "nome": "User_1774476528274_0.16439443539867837",
            "email": "user_1774476528274_0.3960848860219478@test.com",
            "password": "Test@123456",
            "administrador": "true",
            "_id": "TAdMzRR1buM6UYoh"
        },
        {
            "nome": "Automation User 70d52",
            "email": "qa_test_70d5267f@challenge.com",
            "password": "testpassword123",
            "administrador": "true",
            "_id": "TcgeBjq9NjGUxRON"
        },
        {
            "nome": "User_1774480002305_0.08664527120816734",
            "email": "user_1774480002305_0.6027239817174547@test.com",
            "password": "Test@123456",
            "administrador": "true",
            "_id": "TetZmbe4Ei1E1bG0"
        },
        {
            "nome": "User_1774478513176_0.8319763714296486",
            "email": "user_1774478513176_0.29400655746636184@test.com",
            "password": "Test@123456",
            "administrador": "true",
            "_id": "U2lR625ljWMsS3Xe"
        },
        {
            "nome": "Matheus",
            "email": "test1774492255756@qa.com",
            "password": "teste1",
            "administrador": "true",
            "_id": "Ue9Y7t00tliCtofQ"
        },
        {
            "nome": "User_1774477241326_0.15013495952629752",
            "email": "user_1774477241326_0.14012725450511188@test.com",
            "password": "Test@123456",
            "administrador": "true",
            "_id": "Ur7NcqR9e5Oxu2VH"
        },
        {
            "nome": "User_1774477245642_0.3612588980269218",
            "email": "user_1774477245642_0.027867835929601403@test.com",
            "password": "Test@123456",
            "administrador": "true",
            "_id": "UunBHVMdrY84y5Fq"
        },
        {
            "nome": "UsuarioTest_517dff",
            "email": "test_09f5d3a8@serverest.com",
            "password": "aZIO1e0o",
            "administrador": "false",
            "_id": "UwSEn0XeNBIM8q6x"
        },
        {
            "nome": "Nat?lia Cust?dio",
            "email": "aline.aparicio@gmail.com",
            "password": "JSIzdjVjUc",
            "administrador": "true",
            "_id": "V3dAzlx5Y47aptB2"
        },
        {
            "nome": "User_1774479716578_0.004407799835767667",
            "email": "user_1774479716578_0.5044603014558843@test.com",
            "password": "Test@123456",
            "administrador": "true",
            "_id": "V7A4UPf92jzQP05A"
        },
        {
            "nome": "User_1774476749489_0.09188863323434249",
            "email": "user_1774476749489_0.4312535665697018@test.com",
            "password": "Test@123456",
            "administrador": "true",
            "_id": "VXoIHQIAvSllzD7E"
        },
        {
            "nome": "Clara Godins Neto",
            "email": "alice.araujo@yahoo.com",
            "password": "oP5X7aoCxR8",
            "administrador": "true",
            "_id": "VY2NAdcEnjnsvvdI"
        },
        {
            "nome": "Cliente Editado",
            "email": "clienteKuromi_2061@qa.com.br",
            "password": "teste1234",
            "administrador": "false",
            "_id": "VgiUK5WXcOaQAT7l"
        },
        {
            "nome": "Sofia QA ADMIN 7990",
            "email": "sofiaADMIN_7990@qa.com.br",
            "password": "teste",
            "administrador": "true",
            "_id": "VkZi6vweCr92vynR"
        },
        {
            "nome": "CLIENTE QA KUROMI 7662",
            "email": "clienteKuromi_7662@qa.com.br",
            "password": "teste",
            "administrador": "false",
            "_id": "VwoMrSbTzBUfbz0g"
        },
        {
            "nome": "Automation User b13b5",
            "email": "qa_test_b13b5af4@challenge.com",
            "password": "testpassword123",
            "administrador": "true",
            "_id": "W27dFvU42Fb1lmFb"
        },
        {
            "nome": "CLIENTE QA KUROMI 3153",
            "email": "clienteKuromi_3153@qa.com.br",
            "password": "teste",
            "administrador": "false",
            "_id": "W3aX7A5ToP2hWLHX"
        },
        {
            "nome": "User_1774477240076_0.004719949590895167",
            "email": "user_1774477240076_0.91791092744868@test.com",
            "password": "Test@123456",
            "administrador": "true",
            "_id": "WPeQkADskmJdVD5R"
        },
        {
            "nome": "User_1774489281528_0.35936265109907195",
            "email": "user_1774489281528_0.2274820738324672@test.com",
            "password": "Test@123456",
            "administrador": "true",
            "_id": "X6J5bznUKR2tsQcz"
        },
        {
            "nome": "User_1774479999899_0.7691503142013237",
            "email": "user_1774479999899_0.6556431590659376@test.com",
            "password": "Test@123456",
            "administrador": "false",
            "_id": "X8K0RvoBwyQoGKca"
        },
        {
            "nome": "User_1774478188182_0.17318537157384217",
            "email": "user_1774478188182_0.5123298466698466@test.com",
            "password": "Test@123456",
            "administrador": "true",
            "_id": "X9TvjMF34PkxrFLY"
        },
        {
            "nome": "UsuarioTest_b493fb",
            "email": "test_e8911317@serverest.com",
            "password": "dFi60ajt",
            "administrador": "true",
            "_id": "XJmIvIKLUUs0rxi3"
        },
        {
            "nome": "User_1774476830163_0.8670175551384821",
            "email": "user_1774476830163_0.5137387316319872@test.com",
            "password": "Test@123456",
            "administrador": "true",
            "_id": "XQcb3CrG3wNMG3S4"
        },
        {
            "nome": "User_1774479717325_0.7418982723347554",
            "email": "user_1774479717325_0.6503176845069631@test.com",
            "password": "Test@123456",
            "administrador": "true",
            "_id": "XUS902yhVeMf86RZ"
        },
        {
            "nome": "Automation User c1eaa",
            "email": "qa_test_c1eaac96@challenge.com",
            "password": "testpassword123",
            "administrador": "true",
            "_id": "XuzVa7Vjllpwb66Z"
        },
        {
            "nome": "User_1774480002133_0.8699422737489508",
            "email": "user_1774480002133_0.38953004163211113@test.com",
            "password": "Test@123456",
            "administrador": "true",
            "_id": "Y1Lfn5G2glHxBUO1"
        },
        {
            "nome": "Usuario Teste Cypress",
            "email": "cypress_1774479820861@teste.com",
            "password": "123456",
            "administrador": "true",
            "_id": "YBGP1veAPEqbuF4r"
        },
        {
            "nome": "User_1774479719616_0.7160527310542351",
            "email": "user_1774479719616_0.07842548297831842@test.com",
            "password": "Test@123456",
            "administrador": "true",
            "_id": "YJIu85ofiiCp7nV2"
        },
        {
            "nome": "User_1774477622357_0.35124996107581774",
            "email": "user_1774477622357_0.39656342513894816@test.com",
            "password": "Test@123456",
            "administrador": "true",
            "_id": "YJgdagILKlR7C3CE"
        },
        {
            "nome": "Matheus QA",
            "email": "qa.1774492965174@teste.com",
            "password": "teste123",
            "administrador": "true",
            "_id": "YMdeIwxFjPETXyra"
        },
        {
            "nome": "Leonardo Silva",
            "email": "joaosamuel.martins@gmail.com",
            "password": "#&2X*c&ux44",
            "administrador": "true",
            "_id": "YcA20ccFbPWJ4fMo"
        },
        {
            "nome": "Candice Turcotte",
            "email": "Delores_Shields@yahoo.com",
            "password": "0rmT4jDkbyRRIbv",
            "administrador": "false",
            "_id": "YmdTYi6NJNm6LWJV"
        },
        {
            "nome": "Sofia QA ADMIN 6560",
            "email": "sofiaADMIN_6560@qa.com.br",
            "password": "teste",
            "administrador": "true",
            "_id": "Z822YKlKGSealxbi"
        },
        {
            "nome": "User_1774479722301_0.35213698449615805",
            "email": "user_1774479722301_0.544317402170926@test.com",
            "password": "Test@123456",
            "administrador": "true",
            "_id": "ZIvBeKGbTiRsJgO9"
        },
        {
            "nome": "User_1774478510294_0.32632098938829135",
            "email": "user_1774478510294_0.02942416512046009@test.com",
            "password": "Test@123456",
            "administrador": "true",
            "_id": "ZaWQUEwDOpZMg425"
        },
        {
            "nome": "User_1774480594019_0.9729894676341453",
            "email": "user_1774480594019_0.30251789883970126@test.com",
            "password": "Test@123456",
            "administrador": "true",
            "_id": "ZjMM128v8UUXzsT6"
        },
        {
            "nome": "User_1774476826175_0.1859654323697013",
            "email": "user_1774476826175_0.9151368720147595@test.com",
            "password": "Test@123456",
            "administrador": "true",
            "_id": "Zm2XTnmRXM5qNWRY"
        },
        {
            "nome": "User_1774489292906_0.8366887853440643",
            "email": "user_1774489292906_0.01078011776866794@test.com",
            "password": "Test@123456",
            "administrador": "true",
            "_id": "a1WhDR9v2UaXDIZB"
        },
        {
            "nome": "Sofia QA ADMIN 2337",
            "email": "sofiaADMIN_2337@qa.com.br",
            "password": "teste",
            "administrador": "true",
            "_id": "a5Xxk6LDXGbaBn7D"
        },
        {
            "nome": "Matheus",
            "email": "test1774491683591@qa.com",
            "password": "teste1",
            "administrador": "true",
            "_id": "aHvzpvZPuDayjh2o"
        },
        {
            "nome": "User_1774478192687_0.7524555337884485",
            "email": "user_1774478192687_0.4615378638247065@test.com",
            "password": "Test@123456",
            "administrador": "true",
            "_id": "aIhmEZTRnRxRKKgz"
        },
        {
            "nome": "User_1774476833421_0.19792012669689585",
            "email": "user_1774476833421_0.3018915879492152@test.com",
            "password": "Test@123456",
            "administrador": "true",
            "_id": "aJryIvZiaSAuSkmS"
        },
        {
            "nome": "Fulano da Silva",
            "email": "qa_tester_1774473951017@serverest.com",
            "password": "teste",
            "administrador": "true",
            "_id": "aN1aDPwrIdGA817B"
        },
        {
            "nome": "Teteu da Silva",
            "email": "test0.8587122467080532@qa.com",
            "password": "teste",
            "administrador": "true",
            "_id": "acp715Kkp1s5dO2x"
        },
        {
            "nome": "User_1774476886801_0.5962846943876996",
            "email": "user_1774476886801_0.35754951862724915@test.com",
            "password": "Test@123456",
            "administrador": "true",
            "_id": "ad79pzjJ2rTaghbY"
        },
        {
            "nome": "UsuarioTest_7e92e9",
            "email": "test_ea2168ff@serverest.com",
            "password": "nBhrYaVR",
            "administrador": "true",
            "_id": "aj6NQ5ah1rrDuq6a"
        },
        {
            "nome": "User_1774479430999_0.889293020719935",
            "email": "user_1774479430999_0.3978448616209096@test.com",
            "password": "Test@123456",
            "administrador": "true",
            "_id": "ak4E86YMjeL8t6pf"
        },
        {
            "nome": "User_1774477244016_0.45408877817058313",
            "email": "user_1774477244016_0.8551121201730778@test.com",
            "password": "Test@123456",
            "administrador": "true",
            "_id": "arv05s3gr44SF9uY"
        },
        {
            "nome": "Automation User 2e28e",
            "email": "qa_test_2e28ed15@challenge.com",
            "password": "testpassword123",
            "administrador": "true",
            "_id": "bC3B4njFuT5pFXBt"
        },
        {
            "nome": "Ben?cio Hermingues",
            "email": "anaclara.rolim@gmail.com",
            "password": "5$EF!n$5D1B55e",
            "administrador": "true",
            "_id": "bCf0GkEAHCc87Ukf"
        },
        {
            "nome": "Automation User 483ee",
            "email": "qa_test_483eefa5@challenge.com",
            "password": "123",
            "administrador": "true",
            "_id": "bKJfQuhgo3dv5Yha"
        },
        {
            "nome": "Automation User 84ec7",
            "email": "qa_test_84ec72aa@challenge.com",
            "password": "testpassword123",
            "administrador": "true",
            "_id": "bO2u8HgZ9BK7BrTk"
        },
        {
            "nome": "User_1774476529275_0.8990784134640886",
            "email": "user_1774476529275_0.4048343095261385@test.com",
            "password": "Test@123456",
            "administrador": "true",
            "_id": "bbWZO5lBpzwSRYbx"
        },
        {
            "nome": "Sofia QA ADMIN 7910",
            "email": "sofiaADMIN_7910@qa.com.br",
            "password": "teste",
            "administrador": "true",
            "_id": "bhbC4Dxd7Mz1YLXI"
        },
        {
            "nome": "UsuarioTest_787850",
            "email": "test_24103c81@serverest.com",
            "password": "bJ79wXTp",
            "administrador": "true",
            "_id": "bpgqNQ5ns4ih9a7w"
        },
        {
            "nome": "Phillip Fritsch",
            "email": "Devon_Hilll89@gmail.com",
            "password": "zmWLySyNoBgnjdu",
            "administrador": "false",
            "_id": "bwQ71hSvy8eVXCrc"
        },
        {
            "nome": "Sofia QA ADMIN 6953",
            "email": "sofiaADMIN_6953@qa.com.br",
            "password": "teste",
            "administrador": "true",
            "_id": "bzSklKQbUplssgaY"
        },
        {
            "nome": "User_1774489108895_0.5094555547949364",
            "email": "user_1774489108895_0.19437727084904877@test.com",
            "password": "Test@123456",
            "administrador": "true",
            "_id": "c5U8asc1jZgc9V0t"
        },
        {
            "nome": "User_1774478190464_0.6219588009602286",
            "email": "user_1774478190464_0.983547373370025@test.com",
            "password": "Test@123456",
            "administrador": "false",
            "_id": "cd9A7bSULHvUUWJY"
        },
        {
            "nome": "Sofia QA ADMIN 4479",
            "email": "sofiaADMIN_4479@qa.com.br",
            "password": "teste",
            "administrador": "true",
            "_id": "ceC9IEZNf7NDGe8o"
        },
        {
            "nome": "Sofia QA ADMIN 6890",
            "email": "sofiaADMIN_6890@qa.com.br",
            "password": "teste",
            "administrador": "true",
            "_id": "cr925fYBU3MgUfwD"
        },
        {
            "nome": "Automation User cfca8",
            "email": "qa_test_cfca87fb@challenge.com",
            "password": "testpassword123",
            "administrador": "true",
            "_id": "cwda5or69e0oWDIk"
        },
        {
            "nome": "Usuario Teste Cypress",
            "email": "cypress_1774478174285@teste.com",
            "password": "123456",
            "administrador": "true",
            "_id": "d1CruLCOpIuCUerg"
        },
        {
            "nome": "Automation User 98603",
            "email": "qa_test_986037bf@challenge.com",
            "password": "testpassword123",
            "administrador": "true",
            "_id": "d88fw1LK7aGI9p1x"
        },
        {
            "nome": "User_1774489031435_0.2582132345016088",
            "email": "user_1774489031435_0.6263011497132069@test.com",
            "password": "Test@123456",
            "administrador": "true",
            "_id": "dEx05uoL3rCfMy6r"
        },
        {
            "nome": "User_1774476829255_0.2017484815985049",
            "email": "user_1774476829255_0.8591987565917185@test.com",
            "password": "Test@123456",
            "administrador": "true",
            "_id": "dIYkwYOi6SF6pHie"
        },
        {
            "nome": "Gleydson",
            "email": "gleydson@teste.com",
            "password": "teste123",
            "administrador": "false",
            "_id": "e1aHdArWq4PZRaEv"
        },
        {
            "nome": "Sofia QA ADMIN 779",
            "email": "sofiaADMIN_779@qa.com.br",
            "password": "teste",
            "administrador": "true",
            "_id": "e2mphRwdEw5W33j2"
        },
        {
            "nome": "User_1774489283137_0.31537937183839393",
            "email": "user_1774489283137_0.20145162432350583@test.com",
            "password": "Test@123456",
            "administrador": "false",
            "_id": "e73w3Q1FWlSb0wW1"
        },
        {
            "nome": "User_1774489283789_0.5901598604254528",
            "email": "user_1774489283789_0.9631865771164543@test.com",
            "password": "Test@123456",
            "administrador": "true",
            "_id": "eEbT2m6RmLLk6a3x"
        },
        {
            "nome": "User_1774478188212_0.08263177009388178",
            "email": "user_1774478188212_0.9243939249927149@test.com",
            "password": "Test@123456",
            "administrador": "true",
            "_id": "eIDtqZC7iPH1KpAa"
        },
        {
            "nome": "User_1774477244488_0.5264424091453357",
            "email": "user_1774477244488_0.08938080710803031@test.com",
            "password": "Test@123456",
            "administrador": "true",
            "_id": "eIMcaQkNEqNqRuS8"
        },
        {
            "nome": "Usuario Teste Cypress",
            "email": "cypress_1774479757957@teste.com",
            "password": "123456",
            "administrador": "true",
            "_id": "eITo3LvcxlQdqgkJ"
        },
        {
            "nome": "Bruno Camacho",
            "email": "ian.passarinho@hotmail.com",
            "password": "3smvjgx55kc8z",
            "administrador": "false",
            "_id": "eLQOAKXCfPofSYJY"
        },
        {
            "nome": "Matheus",
            "email": "test1774491660275@qa.com",
            "password": "teste1",
[...]
            "administrador": "true",
            "_id": "pINW1XwFDYUSViZG"
        },
        {
            "nome": "User_1774479435072_0.3092255209044992",
            "email": "user_1774479435072_0.7989160239927225@test.com",
            "password": "Test@123456",
            "administrador": "true",
            "_id": "pKRJmGVkgB7TerK6"
        },
        {
            "nome": "UsuarioTest_a3521a",
            "email": "test_4e7a3e24@serverest.com",
            "password": "voxyFapL",
            "administrador": "true",
            "_id": "pNdOMORfngBeCado"
        },
        {
            "nome": "UsuarioTest_aafa30",
            "email": "test_69f9120a@serverest.com",
            "password": "NYjvQt85",
            "administrador": "true",
            "_id": "pS6WEdkkDNWjTdoc"
        },
        {
            "nome": "Jake Schinner",
            "email": "Elvera19@yahoo.com",
            "password": "9cXNvpaEuPxX6Kr",
            "administrador": "false",
            "_id": "pV3cUIAGsXEm6Sev"
        },
        {
            "nome": "User_1774479711811_0.6132985129703405",
            "email": "user_1774479711811_0.04319182340239258@test.com",
            "password": "Test@123456",
            "administrador": "true",
            "_id": "pqUVo3bdepbvkWe5"
        },
        {
            "nome": "User_1774478511800_0.43311385772345024",
            "email": "user_1774478511800_0.17576311164589253@test.com",
            "password": "Test@123456",
            "administrador": "true",
            "_id": "pruMmfat478Lq9WZ"
        },
        {
            "nome": "CLIENTE QA KUROMI 7415",
            "email": "clienteKuromi_7415@qa.com.br",
            "password": "teste",
            "administrador": "false",
            "_id": "pvmU46Bq7Q7VsWIb"
        },
        {
            "nome": "Sofia QA ADMIN 5878",
            "email": "sofiaADMIN_5878@qa.com.br",
            "password": "teste",
            "administrador": "true",
            "_id": "q8kcRPCzBE0DsLE1"
        },
        {
            "nome": "Usu?rio Automa??o - Editado",
            "email": "editado7163@qa.com",
            "password": "nova_senha",
            "administrador": "true",
            "_id": "qJ9Y0tT6CxsG7gFF"
        },
        {
            "nome": "Test User",
            "email": "usuariovalido@example.com",
            "password": "123456",
            "administrador": "false",
            "_id": "qTzSdMjB6qBZF5kD"
        },
        {
            "nome": "User_1774489290725_0.911645743649798",
            "email": "user_1774489290725_0.34012133389268473@test.com",
            "password": "Test@123456",
            "administrador": "true",
            "_id": "qXubj3OnG62NM64P"
        },
        {
            "nome": "User_1774476881478_0.3865659809201023",
            "email": "user_1774476881478_0.7544528633114169@test.com",
            "password": "Test@123456",
            "administrador": "true",
            "_id": "qhQeNDsnEioSUvV1"
        },
        {
            "nome": "User_1774478515112_0.8299784469916062",
            "email": "user_1774478515112_0.6162508747357759@test.com",
            "password": "Test@123456",
            "administrador": "true",
            "_id": "qp0ZjHqpkBAVEaTo"
        },
        {
            "nome": "User_1774476885670_0.8531939888342505",
            "email": "user_1774476885670_0.8242469109236141@test.com",
            "password": "Test@123456",
            "administrador": "true",
            "_id": "qrW4KO2gClYmcN6v"
        },
        {
            "nome": "Comprador QA",
            "email": "comprador_1774494013754@qa.com",
            "password": "teste",
            "administrador": "false",
            "_id": "qy8gf2BIYIAdFGFu"
        },
        {
            "nome": "User_1774479438245_0.33801760965882965",
            "email": "user_1774479438245_0.42813346976888167@test.com",
            "password": "Test@123456",
            "administrador": "true",
            "_id": "qydHGUeHSQ7fuH6t"
        },
        {
            "nome": "User_1774479998504_0.5141240922625419",
            "email": "user_1774479998504_0.3780381101099235@test.com",
            "password": "Test@123456",
            "administrador": "true",
            "_id": "r2n9TnPVK31YAilT"
        },
        {
            "nome": "User_1774480660451_0.12045768607252494",
            "email": "user_1774480660451_0.9024484098920453@test.com",
            "password": "Test@123456",
            "administrador": "true",
            "_id": "r9mPPVveKlIyGdRz"
        },
        {
            "nome": "User_1774476529927_0.9409277469722609",
            "email": "user_1774476529927_0.9644672385596326@test.com",
            "password": "Test@123456",
            "administrador": "true",
            "_id": "rAXgnLEGcXMXguyW"
        },
        {
            "nome": "Fernanda Vieira",
            "email": "enzothiago.dorneles@yahoo.com",
            "password": "p69zdPlEcDYX",
            "administrador": "true",
            "_id": "rMFwQnn9YbIGh5zt"
        },
        {
            "nome": "User_1774479430675_0.37183187543062324",
            "email": "user_1774479430675_0.11652930803687744@test.com",
            "password": "Test@123456",
            "administrador": "true",
            "_id": "rVfvirmTzYqf52yG"
        },
        {
            "nome": "Candidato QA Mouts",
            "email": "qa_mouts_1774492763088@teste.com",
            "password": "senha123",
            "administrador": "true",
            "_id": "rt6MuUu6cyE25i0B"
        },
        {
            "nome": "User_1774477628893_0.9608328405228835",
            "email": "user_1774477628893_0.13786529083588173@test.com",
            "password": "Test@123456",
            "administrador": "true",
            "_id": "sNgNKSjZysdBJ3d9"
        },
        {
            "nome": "User_1774489110142_0.347350826142663",
            "email": "user_1774489110142_0.611675615305556@test.com",
            "password": "Test@123456",
            "administrador": "true",
            "_id": "sQTMz7aSsiRN0LrX"
        },
        {
            "nome": "Clarice Freitas",
            "email": "thiago.banheira@bol.com.br",
            "password": "12lv%HKeI*1j5q#",
            "administrador": "true",
            "_id": "tMitQxmvPquYVWQ9"
        },
        {
            "nome": "User_1774476831721_0.4037022630948933",
            "email": "user_1774476831721_0.15013369045314295@test.com",
            "password": "Test@123456",
            "administrador": "true",
            "_id": "tU9PghUn8kQqblCV"
        },
        {
            "nome": "User_1774479718204_0.6149106654283346",
            "email": "user_1774479718204_0.11451484554200897@test.com",
            "password": "Test@123456",
            "administrador": "true",
            "_id": "tk2zbJ65jLrrmKjv"
        },
        {
            "nome": "Heitor Hernandes",
            "email": "ricardo.diegues@hotmail.com",
            "password": "4q$Mz!7JS1j6K",
            "administrador": "true",
            "_id": "tuic9fnvaF1P9mZT"
        },
        {
            "nome": "User_1774477626163_0.6986440182520868",
            "email": "user_1774477626163_0.4690403089097377@test.com",
            "password": "Test@123456",
            "administrador": "true",
            "_id": "u0RbsAKWEUXF7xGA"
        },
        {
            "nome": "Usu?rio Original",
            "email": "duplicado.1774493273601@teste.com",
            "password": "senha123",
            "administrador": "true",
            "_id": "u2JfMNi5VpLPXpQ7"
        },
        {
            "nome": "User_1774477626177_0.4633403023085464",
            "email": "user_1774477626177_0.8453595588455916@test.com",
            "password": "Test@123456",
            "administrador": "true",
            "_id": "uK1q1EchRU1sll7W"
        },
        {
            "nome": "Gleydson",
            "email": "teste@teste.com",
            "password": "teste123",
            "administrador": "true",
            "_id": "uh5AtnRwCMAzlL49"
        },
        {
            "nome": "User_1774478518566_0.8245491564455877",
            "email": "user_1774478518566_0.1067502112208214@test.com",
            "password": "Test@123456",
            "administrador": "true",
            "_id": "vM9KCITLqi7Oz0Gy"
        },
        {
            "nome": "User_1774479436472_0.438735471810484",
            "email": "user_1774479436472_0.1436257239243307@test.com",
            "password": "Test@123456",
            "administrador": "true",
            "_id": "vRCh7VmLyl5IO4K7"
        },
        {
            "nome": "Tester da Silva",
            "email": "tester@qa.com.br",
            "password": "teste",
            "administrador": "true",
            "_id": "vaHbgi3dpnz69bbO"
        },
        {
            "nome": "Sofia QA ADMIN 9307",
            "email": "sofiaADMIN_9307@qa.com.br",
            "password": "teste",
            "administrador": "true",
            "_id": "vm5Xi5cvNDZ8S60X"
        },
        {
            "nome": "User_1774476880079_0.13410948867317785",
            "email": "user_1774476880079_0.6821162910219698@test.com",
            "password": "Test@123456",
            "administrador": "true",
            "_id": "voe3M94Vl2eZMNZb"
        },
        {
            "nome": "User_1774476888938_0.1767825270240011",
            "email": "user_1774476888938_0.016814603265234207@test.com",
            "password": "Test@123456",
            "administrador": "true",
            "_id": "vssx1LDIjyLO8wB2"
        },
        {
            "nome": "Usuario Teste Cypress",
            "email": "cypress_1774478257506@teste.com",
            "password": "123456",
            "administrador": "true",
            "_id": "w8WJMDR2x71TX4zu"
        },
        {
            "nome": "Joel Lei",
            "email": "jleivao5@qa.com.br",
            "password": "jleiva123",
            "administrador": "true",
            "_id": "w94hwNVoR2HKrEiv"
        },
        {
            "nome": "Teteu da Silva",
            "email": "test0.306149064645699@qa.com",
            "password": "teste",
            "administrador": "true",
            "_id": "wGmuUeOyjzivrm47"
        },
        {
            "nome": "Hubert Dickens",
            "email": "Grayce_Roob@hotmail.com",
            "password": "yeDAbcYY2VBxlPX",
            "administrador": "false",
            "_id": "wL6t5GsDfnqMoeZL"
        },
        {
            "nome": "User_1774489282591_0.42767026118592577",
            "email": "user_1774489282591_0.8367864330500578@test.com",
            "password": "Test@123456",
            "administrador": "true",
            "_id": "wbNt72s6WvQj7iYG"
        },
        {
            "nome": "User_1774478199884_0.28541043039157277",
            "email": "user_1774478199884_0.6177696701616204@test.com",
            "password": "Test@123456",
            "administrador": "true",
            "_id": "wlgRWSNJbGrg5zVl"
        },
        {
            "nome": "Gabriel",
            "email": "gabriel_1774472245840@teste.com",
            "password": "teste1234",
            "administrador": "false",
            "_id": "wuihXV1xVevo4Ppc"
        },
        {
            "nome": "User_1774489289635_0.12550412537858868",
            "email": "user_1774489289635_0.7322814766175432@test.com",
            "password": "Test@123456",
            "administrador": "true",
            "_id": "wxxM0iUm8nwpVKOb"
        },
        {
            "nome": "User_1774479721389_0.9811412897460509",
            "email": "user_1774479721389_0.504002120838726@test.com",
            "password": "Test@123456",
            "administrador": "true",
            "_id": "wydb8hAlqwNGKBUT"
        },
        {
            "nome": "User_1774476834367_0.5104168640840697",
            "email": "user_1774476834367_0.018036698682435737@test.com",
            "password": "Test@123456",
            "administrador": "true",
            "_id": "xECSdgR7RbYzqia1"
        },
        {
            "nome": "Fulano da Silva",
            "password": "teste",
            "administrador": "true",
            "email": "qa_usuario_1774473932280@serverest.com",
            "_id": "xUhC1kOZrakRRrxx"
        },
        {
            "nome": "Matheus",
            "email": "test1774490740052@qa.com",
            "password": "teste1",
            "administrador": "true",
            "_id": "xZZyijd5xfdCG0Kw"
        },
        {
            "nome": "User_1774478511197_0.7683564962829053",
            "email": "user_1774478511197_0.6187761367459319@test.com",
            "password": "Test@123456",
            "administrador": "false",
            "_id": "xqD9niVoNO5VCtIn"
        },
        {
            "nome": "Candidato QA Mouts",
            "email": "qa_mouts_1774492751258@teste.com",
            "password": "senha123",
            "administrador": "true",
            "_id": "xqkESnZM1yfy47c9"
        },
        {
            "nome": "User_1774478191077_0.9566099347210597",
            "email": "user_1774478191077_0.765383282719741@test.com",
            "password": "Test@123456",
            "administrador": "true",
            "_id": "xsOfYdXkQvSl0mBz"
        },
        {
            "nome": "User_1774476882598_0.7897726509881483",
            "email": "user_1774476882598_0.5322724842778396@test.com",
            "password": "Test@123456",
            "administrador": "true",
            "_id": "xt7z9KOlxkszNyJn"
        },
        {
            "nome": "Updated Name QA",
            "email": "qa_test_9b28f41a@challenge.com",
            "password": "newpassword123",
            "administrador": "false",
            "_id": "yNwJ7HbmNq3Y3sDl"
        },
        {
            "nome": "Usuario Teste Cypress",
            "email": "cypress_1774479538473@teste.com",
            "password": "123456",
            "administrador": "true",
            "_id": "yOkbfaGdtbHFPRrY"
        },
        {
            "nome": "Matheus",
            "email": "test1774492243520@qa.com",
            "password": "teste1",
            "administrador": "true",
            "_id": "yUIMDVvy2sISEwew"
        },
        {
            "nome": "Automation User 67a32",
            "email": "qa_test_67a32db4@challenge.com",
            "password": "testpassword123",
            "administrador": "true",
            "_id": "yXwZFEY4in6YXCfu"
        },
        {
            "nome": "User_1774480607590_0.05171970076351118",
            "email": "user_1774480607590_0.2830908648310517@test.com",
            "password": "Test@123456",
            "administrador": "true",
            "_id": "yYHOv9er38pQIsGX"
        },
        {
            "nome": "Fulano da Silva",
            "email": "qa_tester_1774474128067@serverest.com",
            "password": "teste",
            "administrador": "true",
            "_id": "yZ3vZGsLqTXoQIMM"
        },
        {
            "nome": "Usu?rio Original",
            "email": "duplicado.1774493285971@teste.com",
            "password": "senha123",
            "administrador": "true",
            "_id": "ybZso1sJuFCqZL1b"
        },
        {
            "nome": "User_1774489287186_0.00097137061169561",
            "email": "user_1774489287186_0.47654119994679967@test.com",
            "password": "Test@123456",
            "administrador": "true",
            "_id": "yemmHyDutLVfyFfV"
        },
        {
            "nome": "User_1774479431273_0.5119635839466776",
            "email": "user_1774479431273_0.5420678947128833@test.com",
            "password": "Test@123456",
            "administrador": "false",
            "_id": "yzW4amQQA78alTT1"
        },
        {
            "nome": "Sofia QA ADMIN 10",
            "email": "sofiaADMIN_10@qa.com.br",
            "password": "teste",
            "administrador": "true",
            "_id": "z4YONIJZfye98D4J"
        },
        {
            "nome": "Sofia QA ADMIN 6303",
            "email": "sofiaADMIN_6303@qa.com.br",
            "password": "teste",
            "administrador": "true",
            "_id": "zE0PKfyTS8MyFLUU"
        },
        {
            "nome": "User_1774479714930_0.5555708135962029",
            "email": "user_1774479714930_0.46593179970759524@test.com",
            "password": "Test@123456",
            "administrador": "true",
            "_id": "zEHAKZqUpRGG0VHF"
        },
        {
            "nome": "Usuario Test 1774482247239",
            "email": "usuario1774482247239@qatest.com",
            "password": "teste@123",
            "administrador": "true",
            "_id": "zJweuNfFbCgKeIcr"
        },
        {
            "nome": "Charlene Lebsack",
            "email": "Odie59@yahoo.com",
            "password": "123",
            "administrador": "true",
            "_id": "zKWrWyFD5kq3wj9r"
        },
        {
            "nome": "Pedro",
            "email": "pedro_1774472259696@teste.com",
            "password": "teste1234",
            "administrador": "false",
            "_id": "zUQnsKU3316RxtbA"
        },
        {
            "nome": "User_1774478512112_0.4611235995001153",
            "email": "user_1774478512112_0.42122315248532016@test.com",
            "password": "Test@123456",
            "administrador": "true",
            "_id": "zaB4SIO0Iqi3ZQrT"
        },
        {
            "nome": "Murilo Santana",
            "email": "sarah.santana@live.com",
            "password": "WRBw94FxMhdAD@y",
            "administrador": "true",
            "_id": "zjt2O1NSUYiknz66"
        },
        {
            "nome": "User_1774489032739_0.09974619329784784",
            "email": "user_1774489032739_0.35408792622142604@test.com",
            "password": "Test@123456",
            "administrador": "true",
            "_id": "zr7d4aOOHhDcy9Gf"
        },
        {
            "nome": "Usu?rio Automa??o",
            "email": "automacao7153@qa.com",
            "password": "senha",
            "administrador": "true",
            "_id": "ztFQ9lBtBZ5mF3ak"
        },
        {
            "nome": "Automation User fd778",
            "email": "qa_test_fd7783ad@challenge.com",
            "password": "123",
            "administrador": "true",
            "_id": "zzCwloaOeDgerGXQ"
        }
    ]
}
classpath:features/usuarios-get-by-id.feature:11

testUsuarios[4][2]  Time elapsed: 0.634 s  <<< FAILURE!
org.opentest4j.AssertionFailedError: 
match failed: CONTAINS
  $ | actual path does not exist (STRING:STRING)
  '#notpresent'
  'Usuario no encontrado'

classpath:features/usuarios-get-by-id.feature:18

testUsuarios[5][1]  Time elapsed: 0.602 s  <<< FAILURE!
org.opentest4j.AssertionFailedError: 
match failed: CONTAINS
  $ | actual does not contain expected (STRING:STRING)
  'N?o ? poss?vel realizar DELETE em /usuarios. Acesse https://serverest.dev para ver as rotas dispon?veis e como utiliz?-las.'
  'No es posible realizar DELETE em /usuarios'

classpath:features/usuarios-delete.feature:12

testUsuarios[5][2]  Time elapsed: 0.643 s  <<< FAILURE!
org.opentest4j.AssertionFailedError: 
match failed: EQUALS
  $ | not equal (STRING:STRING)
  'Nenhum registro exclu?do'
  'Ning?n registro eliminado'

classpath:features/usuarios-delete.feature:18

testUsuarios[6][1]  Time elapsed: 0.746 s  <<< FAILURE!
org.opentest4j.AssertionFailedError: 
status code was: 405, expected: 200, response time in milliseconds: 738, url: https://serverest.dev/acesso, response: 
{
    "message": "N?o ? poss?vel realizar POST em /acesso. Acesse https://serverest.dev para ver as rotas dispon?veis e como utiliz?-las."
}
classpath:features/acceso-post.feature:10

testUsuarios[6][2]  Time elapsed: 0.75 s  <<< FAILURE!
org.opentest4j.AssertionFailedError: 
status code was: 405, expected: 401, response time in milliseconds: 574, url: https://serverest.dev/acesso, response: 
{
    "message": "N?o ? poss?vel realizar POST em /acesso. Acesse https://serverest.dev para ver as rotas dispon?veis e como utiliz?-las."
}
classpath:features/acceso-post.feature:18

